Cloud-init v. 23.2.1-0ubuntu0~20.04.2 running 'init-local' at Wed, 02 Aug 2023 12:30:37 +0000. Up 18.99 seconds.
Cloud-init v. 23.2.1-0ubuntu0~20.04.2 running 'init' at Wed, 02 Aug 2023 12:30:42 +0000. Up 22.69 seconds.
ci-info: ++++++++++++++++++++++++++++++++++++++Net device info+++++++++++++++++++++++++++++++++++++++
ci-info: +--------+------+-----------------------------+---------------+--------+-------------------+
ci-info: | Device |  Up  |           Address           |      Mask     | Scope  |     Hw-Address    |
ci-info: +--------+------+-----------------------------+---------------+--------+-------------------+
ci-info: |  ens5  | True |         10.0.40.195         | 255.255.240.0 | global | 06:f2:16:d1:10:ff |
ci-info: |  ens5  | True | fe80::4f2:16ff:fed1:10ff/64 |       .       |  link  | 06:f2:16:d1:10:ff |
ci-info: |   lo   | True |          127.0.0.1          |   255.0.0.0   |  host  |         .         |
ci-info: |   lo   | True |           ::1/128           |       .       |  host  |         .         |
ci-info: +--------+------+-----------------------------+---------------+--------+-------------------+
ci-info: +++++++++++++++++++++++++++++Route IPv4 info+++++++++++++++++++++++++++++
ci-info: +-------+-------------+-----------+-----------------+-----------+-------+
ci-info: | Route | Destination |  Gateway  |     Genmask     | Interface | Flags |
ci-info: +-------+-------------+-----------+-----------------+-----------+-------+
ci-info: |   0   |   0.0.0.0   | 10.0.32.1 |     0.0.0.0     |    ens5   |   UG  |
ci-info: |   1   |  10.0.32.0  |  0.0.0.0  |  255.255.240.0  |    ens5   |   U   |
ci-info: |   2   |  10.0.32.1  |  0.0.0.0  | 255.255.255.255 |    ens5   |   UH  |
ci-info: +-------+-------------+-----------+-----------------+-----------+-------+
ci-info: +++++++++++++++++++Route IPv6 info+++++++++++++++++++
ci-info: +-------+-------------+---------+-----------+-------+
ci-info: | Route | Destination | Gateway | Interface | Flags |
ci-info: +-------+-------------+---------+-----------+-------+
ci-info: |   1   |  fe80::/64  |    ::   |    ens5   |   U   |
ci-info: |   3   |    local    |    ::   |    ens5   |   U   |
ci-info: |   4   |  multicast  |    ::   |    ens5   |   U   |
ci-info: +-------+-------------+---------+-----------+-------+
Generating public/private rsa key pair.
Your identification has been saved in /etc/ssh/ssh_host_rsa_key
Your public key has been saved in /etc/ssh/ssh_host_rsa_key.pub
The key fingerprint is:
SHA256:pZxVj4wQcUWiYwXJX9eygHccX6CdVGo+VQnOvOZhhs4 root@ip-10-0-40-195
The key's randomart image is:
+---[RSA 3072]----+
|       .==+++o===|
|        o=.=B*==+|
|        +.+o+B*oo|
|       o *. .oo. |
|        S  . *o  |
|          o = .. |
|           E .   |
|                 |
|                 |
+----[SHA256]-----+
Generating public/private dsa key pair.
Your identification has been saved in /etc/ssh/ssh_host_dsa_key
Your public key has been saved in /etc/ssh/ssh_host_dsa_key.pub
The key fingerprint is:
SHA256:5uUtK3HSg+yJEwukBr7p3+13leRVVOoCSpIv61Sf+Z4 root@ip-10-0-40-195
The key's randomart image is:
+---[DSA 1024]----+
|               .+|
|       .       ..|
|      o . .   . .|
|.   .  + . . o . |
|.. o  ..So. + +  |
| .o . .*=+++ =   |
| .o  .o=.=*.o    |
| o  .o= +. = .   |
|.... .o+..o.E    |
+----[SHA256]-----+
Generating public/private ecdsa key pair.
Your identification has been saved in /etc/ssh/ssh_host_ecdsa_key
Your public key has been saved in /etc/ssh/ssh_host_ecdsa_key.pub
The key fingerprint is:
SHA256:hBFG3FlesOOIIWV7Up1FrlXfWyi68epTawJ2sfWpmRs root@ip-10-0-40-195
The key's randomart image is:
+---[ECDSA 256]---+
|     oBo.+o=+ .  |
|     +.=o.o+ . o.|
|    . = o + + . +|
|     . * o.=..  o|
|      . S =+ . o |
|        o o+. o  |
|       . o..E=   |
|          o.*.   |
|         .o+..   |
+----[SHA256]-----+
Generating public/private ed25519 key pair.
Your identification has been saved in /etc/ssh/ssh_host_ed25519_key
Your public key has been saved in /etc/ssh/ssh_host_ed25519_key.pub
The key fingerprint is:
SHA256:ckt7ro7R3MnKgAbSltS4kuy+TDEZfIP/DJ0pU6iakv0 root@ip-10-0-40-195
The key's randomart image is:
+--[ED25519 256]--+
|                 |
|. .o.            |
| +o+..           |
|.+*o+ o          |
|+**= +. S        |
|oBo.*. * = .     |
|=o. ooo = =      |
|=  o   = +       |
| +. E ..=..      |
+----[SHA256]-----+
Cloud-init v. 23.2.1-0ubuntu0~20.04.2 running 'modules:config' at Wed, 02 Aug 2023 12:30:52 +0000. Up 33.54 seconds.
Using containerd as the container runtime
Aliasing EKS k8s snap commands
Added:
  - kubelet-eks.kubelet as kubelet
Added:
  - kubectl-eks.kubectl as kubectl
Stopping k8s daemons until configured
Stopped.
Cluster "kubernetes" set.
Container runtime is containerd
602401143452.dkr.ecr.us-east-2.amazonaws.com/eks/pause:3.5: resolving      |--------------------------------------| 
elapsed: 0.1 s                                              total:   0.0 B (0.0 B/s)                                         
602401143452.dkr.ecr.us-east-2.amazonaws.com/eks/pause:3.5:                    resolved       |++++++++++++++++++++++++++++++++++++++| 
index-sha256:529cf6b1b6e5b76e901abc43aee825badbd93f9c5ee5f1e316d46a83abbce5a2: downloading    |--------------------------------------|    0.0 B/741.0 B 
elapsed: 0.2 s                                                                 total:   0.0 B (0.0 B/s)                                         
602401143452.dkr.ecr.us-east-2.amazonaws.com/eks/pause:3.5:                       resolved       |++++++++++++++++++++++++++++++++++++++| 
index-sha256:529cf6b1b6e5b76e901abc43aee825badbd93f9c5ee5f1e316d46a83abbce5a2:    done           |++++++++++++++++++++++++++++++++++++++| 
manifest-sha256:666eebd093e91212426aeba3b89002911d2c981fefd8806b1a0ccb4f1b639a60: done           |++++++++++++++++++++++++++++++++++++++| 
elapsed: 0.3 s                                                                    total:  1.2 Ki (4.0 KiB/s)                                       
602401143452.dkr.ecr.us-east-2.amazonaws.com/eks/pause:3.5:                       resolved       |++++++++++++++++++++++++++++++++++++++| 
index-sha256:529cf6b1b6e5b76e901abc43aee825badbd93f9c5ee5f1e316d46a83abbce5a2:    done           |++++++++++++++++++++++++++++++++++++++| 
manifest-sha256:666eebd093e91212426aeba3b89002911d2c981fefd8806b1a0ccb4f1b639a60: done           |++++++++++++++++++++++++++++++++++++++| 
layer-sha256:0692f38991d53a0c28679148f99de26a44d630fda984b41f63c5e19f839d15a6:    downloading    |--------------------------------------|    0.0 B/289.6 KiB 
config-sha256:6996f8da07bd405c6f82a549ef041deda57d1d658ec20a78584f9f436c9a3bb7:   downloading    |++++++++++++++++++++++++++++++++++++++|  901.0 B/901.0 B   
elapsed: 0.4 s                                                                    total:  2.1 Ki (5.2 KiB/s)                                       
602401143452.dkr.ecr.us-east-2.amazonaws.com/eks/pause:3.5:                       resolved       |++++++++++++++++++++++++++++++++++++++| 
index-sha256:529cf6b1b6e5b76e901abc43aee825badbd93f9c5ee5f1e316d46a83abbce5a2:    done           |++++++++++++++++++++++++++++++++++++++| 
manifest-sha256:666eebd093e91212426aeba3b89002911d2c981fefd8806b1a0ccb4f1b639a60: done           |++++++++++++++++++++++++++++++++++++++| 
layer-sha256:0692f38991d53a0c28679148f99de26a44d630fda984b41f63c5e19f839d15a6:    done           |++++++++++++++++++++++++++++++++++++++| 
config-sha256:6996f8da07bd405c6f82a549ef041deda57d1d658ec20a78584f9f436c9a3bb7:   done           |++++++++++++++++++++++++++++++++++++++| 
elapsed: 0.5 s                                                                    total:  2.1 Ki (4.2 KiB/s)                                       
nvidia-smi not found
Configuring kubelet snap
Starting k8s kubelet daemon
Started.
All done
/var/lib/cloud/instance/scripts/part-001: line 11: --==MYBOUNDARY==--: command not found
Cloud-init v. 23.2.1-0ubuntu0~20.04.2 running 'modules:final' at Wed, 02 Aug 2023 12:30:56 +0000. Up 36.86 seconds.
2023-08-02 12:31:10,778 - cc_scripts_user.py[WARNING]: Failed to run module scripts-user (scripts in /var/lib/cloud/instance/scripts)
2023-08-02 12:31:10,778 - util.py[WARNING]: Running module scripts-user (<module 'cloudinit.config.cc_scripts_user' from '/usr/lib/python3/dist-packages/cloudinit/config/cc_scripts_user.py'>) failed
Cloud-init v. 23.2.1-0ubuntu0~20.04.2 finished at Wed, 02 Aug 2023 12:31:10 +0000. Datasource DataSourceEc2Local.  Up 51.50 seconds